-------------------------------------------------------------------------------
Test set: tests.CucumberTest
-------------------------------------------------------------------------------
Tests run: 1, Failures: 1, Errors: 0, Skipped: 0, Time elapsed: 141.72 s <<< FAILURE! - in tests.CucumberTest
Validate login credentials with valid data  Time elapsed: 141.579 s  <<< FAILURE!
java.lang.AssertionError

